# JRE version: OpenJDK Runtime Environment (8.0_152-b02) (build 1.8.0_152-release-1024-b02)
# Java VM: OpenJDK 64-Bit Server VM (25.152-b02 mixed mode windows-amd64 compressed oops)
Heap:
 PSYoungGen      total 44032K, used 43544K [0x00000000e0000000, 0x00000000e3f00000, 0x0000000100000000)
  eden space 39424K, 99% used [0x00000000e0000000,0x00000000e2648ab8,0x00000000e2680000)
  from space 4608K, 94% used [0x00000000e3a80000,0x00000000e3ebd898,0x00000000e3f00000)
  to   space 8704K, 0% used [0x00000000e2e00000,0x00000000e2e00000,0x00000000e3680000)
 ParOldGen       total 52736K, used 24946K [0x00000000a0000000, 0x00000000a3380000, 0x00000000e0000000)
  object space 52736K, 47% used [0x00000000a0000000,0x00000000a185c990,0x00000000a3380000)
 Metaspace       used 53366K, capacity 55120K, committed 55384K, reserved 1097728K
  class space    used 7286K, capacity 7685K, committed 7808K, reserved 1048576K
GC Heap History (10 events):
Event: 102.498 GC heap before
{Heap before GC invocations=16 (full 2):
 PSYoungGen      total 32768K, used 32526K [0x00000000e0000000, 0x00000000e2f00000, 0x0000000100000000)
  eden space 28672K, 100% used [0x00000000e0000000,0x00000000e1c00000,0x00000000e1c00000)
  from space 4096K, 94% used [0x00000000e1c80000,0x00000000e2043a60,0x00000000e2080000)
  to   space 9728K, 0% used [0x00000000e2580000,0x00000000e2580000,0x00000000e2f00000)
 ParOldGen       total 52736K, used 15903K [0x00000000a0000000, 0x00000000a3380000, 0x00000000e0000000)
  object space 52736K, 30% used [0x00000000a0000000,0x00000000a0f87e08,0x00000000a3380000)
 Metaspace       used 38712K, capacity 39444K, committed 39768K, reserved 1083392K
  class space    used 5189K, capacity 5406K, committed 5504K, reserved 1048576K
Event: 102.504 GC heap after
Heap after GC invocations=16 (full 2):
 PSYoungGen      total 38400K, used 2328K [0x00000000e0000000, 0x00000000e3a00000, 0x0000000100000000)
  eden space 28672K, 0% used [0x00000000e0000000,0x00000000e0000000,0x00000000e1c00000)
  from space 9728K, 23% used [0x00000000e2580000,0x00000000e27c6318,0x00000000e2f00000)
  to   space 9728K, 0% used [0x00000000e1c00000,0x00000000e1c00000,0x00000000e2580000)
 ParOldGen       total 52736K, used 15903K [0x00000000a0000000, 0x00000000a3380000, 0x00000000e0000000)
  object space 52736K, 30% used [0x00000000a0000000,0x00000000a0f87e08,0x00000000a3380000)
 Metaspace       used 38712K, capacity 39444K, committed 39768K, reserved 1083392K
  class space    used 5189K, capacity 5406K, committed 5504K, reserved 1048576K
}
Event: 103.573 GC heap before
{Heap before GC invocations=17 (full 2):
 PSYoungGen      total 38400K, used 31000K [0x00000000e0000000, 0x00000000e3a00000, 0x0000000100000000)
  eden space 28672K, 100% used [0x00000000e0000000,0x00000000e1c00000,0x00000000e1c00000)
  from space 9728K, 23% used [0x00000000e2580000,0x00000000e27c6318,0x00000000e2f00000)
  to   space 9728K, 0% used [0x00000000e1c00000,0x00000000e1c00000,0x00000000e2580000)
 ParOldGen       total 52736K, used 15903K [0x00000000a0000000, 0x00000000a3380000, 0x00000000e0000000)
  object space 52736K, 30% used [0x00000000a0000000,0x00000000a0f87e08,0x00000000a3380000)
 Metaspace       used 40806K, capacity 41614K, committed 41816K, reserved 1085440K
  class space    used 5453K, capacity 5699K, committed 5760K, reserved 1048576K
Event: 103.584 GC heap after
Heap after GC invocations=17 (full 2):
 PSYoungGen      total 38400K, used 3942K [0x00000000e0000000, 0x00000000e3a80000, 0x0000000100000000)
  eden space 28672K, 0% used [0x00000000e0000000,0x00000000e0000000,0x00000000e1c00000)
  from space 9728K, 40% used [0x00000000e1c00000,0x00000000e1fd9a40,0x00000000e2580000)
  to   space 9728K, 0% used [0x00000000e3100000,0x00000000e3100000,0x00000000e3a80000)
 ParOldGen       total 52736K, used 17879K [0x00000000a0000000, 0x00000000a3380000, 0x00000000e0000000)
  object space 52736K, 33% used [0x00000000a0000000,0x00000000a1175e28,0x00000000a3380000)
 Metaspace       used 40806K, capacity 41614K, committed 41816K, reserved 1085440K
  class space    used 5453K, capacity 5699K, committed 5760K, reserved 1048576K
}
Event: 104.611 GC heap before
{Heap before GC invocations=18 (full 2):
 PSYoungGen      total 38400K, used 32614K [0x00000000e0000000, 0x00000000e3a80000, 0x0000000100000000)
  eden space 28672K, 100% used [0x00000000e0000000,0x00000000e1c00000,0x00000000e1c00000)
  from space 9728K, 40% used [0x00000000e1c00000,0x00000000e1fd9a40,0x00000000e2580000)
  to   space 9728K, 0% used [0x00000000e3100000,0x00000000e3100000,0x00000000e3a80000)
 ParOldGen       total 52736K, used 17879K [0x00000000a0000000, 0x00000000a3380000, 0x00000000e0000000)
  object space 52736K, 33% used [0x00000000a0000000,0x00000000a1175e28,0x00000000a3380000)
 Metaspace       used 42699K, capacity 43666K, committed 43864K, reserved 1087488K
  class space    used 5727K, capacity 6010K, committed 6016K, reserved 1048576K
Event: 104.621 GC heap after
Heap after GC invocations=18 (full 2):
 PSYoungGen      total 49152K, used 4384K [0x00000000e0000000, 0x00000000e3980000, 0x0000000100000000)
  eden space 40448K, 0% used [0x00000000e0000000,0x00000000e0000000,0x00000000e2780000)
  from space 8704K, 50% used [0x00000000e3100000,0x00000000e35483f8,0x00000000e3980000)
  to   space 9216K, 0% used [0x00000000e2780000,0x00000000e2780000,0x00000000e3080000)
 ParOldGen       total 52736K, used 21015K [0x00000000a0000000, 0x00000000a3380000, 0x00000000e0000000)
  object space 52736K, 39% used [0x00000000a0000000,0x00000000a1485f60,0x00000000a3380000)
 Metaspace       used 42699K, capacity 43666K, committed 43864K, reserved 1087488K
  class space    used 5727K, capacity 6010K, committed 6016K, reserved 1048576K
}
Event: 107.124 GC heap before
{Heap before GC invocations=19 (full 2):
 PSYoungGen      total 49152K, used 44832K [0x00000000e0000000, 0x00000000e3980000, 0x0000000100000000)
  eden space 40448K, 100% used [0x00000000e0000000,0x00000000e2780000,0x00000000e2780000)
  from space 8704K, 50% used [0x00000000e3100000,0x00000000e35483f8,0x00000000e3980000)
  to   space 9216K, 0% used [0x00000000e2780000,0x00000000e2780000,0x00000000e3080000)
 ParOldGen       total 52736K, used 21015K [0x00000000a0000000, 0x00000000a3380000, 0x00000000e0000000)
  object space 52736K, 39% used [0x00000000a0000000,0x00000000a1485f60,0x00000000a3380000)
 Metaspace       used 47289K, capacity 48328K, committed 48600K, reserved 1091584K
  class space    used 6365K, capacity 6645K, committed 6656K, reserved 1048576K
Event: 107.133 GC heap after
Heap after GC invocations=19 (full 2):
 PSYoungGen      total 49664K, used 4246K [0x00000000e0000000, 0x00000000e4300000, 0x0000000100000000)
  eden space 40448K, 0% used [0x00000000e0000000,0x00000000e0000000,0x00000000e2780000)
  from space 9216K, 46% used [0x00000000e2780000,0x00000000e2ba5a78,0x00000000e3080000)
  to   space 8704K, 0% used [0x00000000e3a80000,0x00000000e3a80000,0x00000000e4300000)
 ParOldGen       total 52736K, used 23711K [0x00000000a0000000, 0x00000000a3380000, 0x00000000e0000000)
  object space 52736K, 44% used [0x00000000a0000000,0x00000000a1727f60,0x00000000a3380000)
 Metaspace       used 47289K, capacity 48328K, committed 48600K, reserved 1091584K
  class space    used 6365K, capacity 6645K, committed 6656K, reserved 1048576K
}
Event: 110.655 GC heap before
{Heap before GC invocations=20 (full 2):
 PSYoungGen      total 49664K, used 44694K [0x00000000e0000000, 0x00000000e4300000, 0x0000000100000000)
  eden space 40448K, 100% used [0x00000000e0000000,0x00000000e2780000,0x00000000e2780000)
  from space 9216K, 46% used [0x00000000e2780000,0x00000000e2ba5a78,0x00000000e3080000)
  to   space 8704K, 0% used [0x00000000e3a80000,0x00000000e3a80000,0x00000000e4300000)
 ParOldGen       total 52736K, used 23711K [0x00000000a0000000, 0x00000000a3380000, 0x00000000e0000000)
  object space 52736K, 44% used [0x00000000a0000000,0x00000000a1727f60,0x00000000a3380000)
 Metaspace       used 50778K, capacity 52292K, committed 52568K, reserved 1095680K
  class space    used 6866K, capacity 7263K, committed 7296K, reserved 1048576K
Event: 110.664 GC heap after
Heap after GC invocations=20 (full 2):
 PSYoungGen      total 44032K, used 4342K [0x00000000e0000000, 0x00000000e3f00000, 0x0000000100000000)
  eden space 39424K, 0% used [0x00000000e0000000,0x00000000e0000000,0x00000000e2680000)
  from space 4608K, 94% used [0x00000000e3a80000,0x00000000e3ebd898,0x00000000e3f00000)
  to   space 8704K, 0% used [0x00000000e2e00000,0x00000000e2e00000,0x00000000e3680000)
 ParOldGen       total 52736K, used 24946K [0x00000000a0000000, 0x00000000a3380000, 0x00000000e0000000)
  object space 52736K, 47% used [0x00000000a0000000,0x00000000a185c990,0x00000000a3380000)
 Metaspace       used 50778K, capacity 52292K, committed 52568K, reserved 1095680K
  class space    used 6866K, capacity 7263K, committed 7296K, reserved 1048576K
}

