# JRE version: OpenJDK Runtime Environment (8.0_152-b02) (build 1.8.0_152-release-1024-b02)
# Java VM: OpenJDK 64-Bit Server VM (25.152-b02 mixed mode windows-amd64 compressed oops)
Heap:
 PSYoungGen      total 346112K, used 18372K [0x00000000e0000000, 0x00000000f6500000, 0x0000000100000000)
  eden space 330752K, 0% used [0x00000000e0000000,0x00000000e02f5978,0x00000000f4300000)
  from space 15360K, 99% used [0x00000000f5600000,0x00000000f64fb888,0x00000000f6500000)
  to   space 17408K, 0% used [0x00000000f4300000,0x00000000f4300000,0x00000000f5400000)
 ParOldGen       total 175616K, used 99161K [0x00000000a0000000, 0x00000000aab80000, 0x00000000e0000000)
  object space 175616K, 56% used [0x00000000a0000000,0x00000000a60d6548,0x00000000aab80000)
 Metaspace       used 118195K, capacity 124032K, committed 124236K, reserved 1157120K
  class space    used 15236K, capacity 16473K, committed 16512K, reserved 1048576K
GC Heap History (10 events):
Event: 3139.949 GC heap before
{Heap before GC invocations=28 (full 3):
 PSYoungGen      total 291328K, used 277143K [0x00000000e0000000, 0x00000000f3700000, 0x0000000100000000)
  eden space 275968K, 100% used [0x00000000e0000000,0x00000000f0d80000,0x00000000f0d80000)
  from space 15360K, 7% used [0x00000000f1c80000,0x00000000f1da5c48,0x00000000f2b80000)
  to   space 15360K, 0% used [0x00000000f0d80000,0x00000000f0d80000,0x00000000f1c80000)
 ParOldGen       total 143360K, used 60675K [0x00000000a0000000, 0x00000000a8c00000, 0x00000000e0000000)
  object space 143360K, 42% used [0x00000000a0000000,0x00000000a3b40d88,0x00000000a8c00000)
 Metaspace       used 88454K, capacity 92958K, committed 93272K, reserved 1130496K
  class space    used 11397K, capacity 12338K, committed 12416K, reserved 1048576K
Event: 3140.268 GC heap after
Heap after GC invocations=28 (full 3):
 PSYoungGen      total 291328K, used 15035K [0x00000000e0000000, 0x00000000f6780000, 0x0000000100000000)
  eden space 275968K, 0% used [0x00000000e0000000,0x00000000e0000000,0x00000000f0d80000)
  from space 15360K, 97% used [0x00000000f0d80000,0x00000000f1c2ed40,0x00000000f1c80000)
  to   space 17920K, 0% used [0x00000000f5600000,0x00000000f5600000,0x00000000f6780000)
 ParOldGen       total 143360K, used 60899K [0x00000000a0000000, 0x00000000a8c00000, 0x00000000e0000000)
  object space 143360K, 42% used [0x00000000a0000000,0x00000000a3b78e58,0x00000000a8c00000)
 Metaspace       used 88454K, capacity 92958K, committed 93272K, reserved 1130496K
  class space    used 11397K, capacity 12338K, committed 12416K, reserved 1048576K
}
Event: 3153.912 GC heap before
{Heap before GC invocations=29 (full 3):
 PSYoungGen      total 291328K, used 89773K [0x00000000e0000000, 0x00000000f6780000, 0x0000000100000000)
  eden space 275968K, 27% used [0x00000000e0000000,0x00000000e48fca78,0x00000000f0d80000)
  from space 15360K, 97% used [0x00000000f0d80000,0x00000000f1c2ed40,0x00000000f1c80000)
  to   space 17920K, 0% used [0x00000000f5600000,0x00000000f5600000,0x00000000f6780000)
 ParOldGen       total 143360K, used 60899K [0x00000000a0000000, 0x00000000a8c00000, 0x00000000e0000000)
  object space 143360K, 42% used [0x00000000a0000000,0x00000000a3b78e58,0x00000000a8c00000)
 Metaspace       used 93470K, capacity 98242K, committed 98380K, reserved 1134592K
  class space    used 12104K, capacity 13107K, committed 13184K, reserved 1048576K
Event: 3154.033 GC heap after
Heap after GC invocations=29 (full 3):
 PSYoungGen      total 346112K, used 8826K [0x00000000e0000000, 0x00000000f6500000, 0x0000000100000000)
  eden space 330752K, 0% used [0x00000000e0000000,0x00000000e0000000,0x00000000f4300000)
  from space 15360K, 57% used [0x00000000f5600000,0x00000000f5e9eb88,0x00000000f6500000)
  to   space 17408K, 0% used [0x00000000f4300000,0x00000000f4300000,0x00000000f5400000)
 ParOldGen       total 143360K, used 68872K [0x00000000a0000000, 0x00000000a8c00000, 0x00000000e0000000)
  object space 143360K, 48% used [0x00000000a0000000,0x00000000a43421c8,0x00000000a8c00000)
 Metaspace       used 93470K, capacity 98242K, committed 98380K, reserved 1134592K
  class space    used 12104K, capacity 13107K, committed 13184K, reserved 1048576K
}
Event: 3154.034 GC heap before
{Heap before GC invocations=30 (full 4):
 PSYoungGen      total 346112K, used 8826K [0x00000000e0000000, 0x00000000f6500000, 0x0000000100000000)
  eden space 330752K, 0% used [0x00000000e0000000,0x00000000e0000000,0x00000000f4300000)
  from space 15360K, 57% used [0x00000000f5600000,0x00000000f5e9eb88,0x00000000f6500000)
  to   space 17408K, 0% used [0x00000000f4300000,0x00000000f4300000,0x00000000f5400000)
 ParOldGen       total 143360K, used 68872K [0x00000000a0000000, 0x00000000a8c00000, 0x00000000e0000000)
  object space 143360K, 48% used [0x00000000a0000000,0x00000000a43421c8,0x00000000a8c00000)
 Metaspace       used 93470K, capacity 98242K, committed 98380K, reserved 1134592K
  class space    used 12104K, capacity 13107K, committed 13184K, reserved 1048576K
Event: 3159.412 GC heap after
Heap after GC invocations=30 (full 4):
 PSYoungGen      total 346112K, used 0K [0x00000000e0000000, 0x00000000f6500000, 0x0000000100000000)
  eden space 330752K, 0% used [0x00000000e0000000,0x00000000e0000000,0x00000000f4300000)
  from space 15360K, 0% used [0x00000000f5600000,0x00000000f5600000,0x00000000f6500000)
  to   space 17408K, 0% used [0x00000000f4300000,0x00000000f4300000,0x00000000f5400000)
 ParOldGen       total 175616K, used 44950K [0x00000000a0000000, 0x00000000aab80000, 0x00000000e0000000)
  object space 175616K, 25% used [0x00000000a0000000,0x00000000a2be5830,0x00000000aab80000)
 Metaspace       used 92103K, capacity 95780K, committed 98380K, reserved 1134592K
  class space    used 11822K, capacity 12652K, committed 13184K, reserved 1048576K
}
Event: 3220.309 GC heap before
{Heap before GC invocations=31 (full 4):
 PSYoungGen      total 346112K, used 330752K [0x00000000e0000000, 0x00000000f6500000, 0x0000000100000000)
  eden space 330752K, 100% used [0x00000000e0000000,0x00000000f4300000,0x00000000f4300000)
  from space 15360K, 0% used [0x00000000f5600000,0x00000000f5600000,0x00000000f6500000)
  to   space 17408K, 0% used [0x00000000f4300000,0x00000000f4300000,0x00000000f5400000)
 ParOldGen       total 175616K, used 44950K [0x00000000a0000000, 0x00000000aab80000, 0x00000000e0000000)
  object space 175616K, 25% used [0x00000000a0000000,0x00000000a2be5830,0x00000000aab80000)
 Metaspace       used 102666K, capacity 107548K, committed 107724K, reserved 1142784K
  class space    used 13235K, capacity 14318K, committed 14336K, reserved 1048576K
Event: 3220.415 GC heap after
Heap after GC invocations=31 (full 4):
 PSYoungGen      total 348160K, used 17376K [0x00000000e0000000, 0x00000000f6500000, 0x0000000100000000)
  eden space 330752K, 0% used [0x00000000e0000000,0x00000000e0000000,0x00000000f4300000)
  from space 17408K, 99% used [0x00000000f4300000,0x00000000f53f8010,0x00000000f5400000)
  to   space 15360K, 0% used [0x00000000f5600000,0x00000000f5600000,0x00000000f6500000)
 ParOldGen       total 175616K, used 58700K [0x00000000a0000000, 0x00000000aab80000, 0x00000000e0000000)
  object space 175616K, 33% used [0x00000000a0000000,0x00000000a3953388,0x00000000aab80000)
 Metaspace       used 102666K, capacity 107548K, committed 107724K, reserved 1142784K
  class space    used 13235K, capacity 14318K, committed 14336K, reserved 1048576K
}
Event: 3275.444 GC heap before
{Heap before GC invocations=32 (full 4):
 PSYoungGen      total 348160K, used 348128K [0x00000000e0000000, 0x00000000f6500000, 0x0000000100000000)
  eden space 330752K, 100% used [0x00000000e0000000,0x00000000f4300000,0x00000000f4300000)
  from space 17408K, 99% used [0x00000000f4300000,0x00000000f53f8010,0x00000000f5400000)
  to   space 15360K, 0% used [0x00000000f5600000,0x00000000f5600000,0x00000000f6500000)
 ParOldGen       total 175616K, used 58700K [0x00000000a0000000, 0x00000000aab80000, 0x00000000e0000000)
  object space 175616K, 33% used [0x00000000a0000000,0x00000000a3953388,0x00000000aab80000)
 Metaspace       used 118194K, capacity 123968K, committed 124236K, reserved 1157120K
  class space    used 15236K, capacity 16473K, committed 16512K, reserved 1048576K
Event: 3275.778 GC heap after
Heap after GC invocations=32 (full 4):
 PSYoungGen      total 346112K, used 15342K [0x00000000e0000000, 0x00000000f6500000, 0x0000000100000000)
  eden space 330752K, 0% used [0x00000000e0000000,0x00000000e0000000,0x00000000f4300000)
  from space 15360K, 99% used [0x00000000f5600000,0x00000000f64fb888,0x00000000f6500000)
  to   space 17408K, 0% used [0x00000000f4300000,0x00000000f4300000,0x00000000f5400000)
 ParOldGen       total 175616K, used 99161K [0x00000000a0000000, 0x00000000aab80000, 0x00000000e0000000)
  object space 175616K, 56% used [0x00000000a0000000,0x00000000a60d6548,0x00000000aab80000)
 Metaspace       used 118194K, capacity 123968K, committed 124236K, reserved 1157120K
  class space    used 15236K, capacity 16473K, committed 16512K, reserved 1048576K
}

