# JRE version: OpenJDK Runtime Environment (8.0_152-b02) (build 1.8.0_152-release-1024-b02)
# Java VM: OpenJDK 64-Bit Server VM (25.152-b02 mixed mode windows-amd64 compressed oops)
Heap:
 PSYoungGen      total 180224K, used 45795K [0x00000000e0000000, 0x00000000edd00000, 0x0000000100000000)
  eden space 151552K, 15% used [0x00000000e0000000,0x00000000e1694da0,0x00000000e9400000)
  from space 28672K, 79% used [0x00000000e9400000,0x00000000eaa240a8,0x00000000eb000000)
  to   space 30720K, 0% used [0x00000000ebf00000,0x00000000ebf00000,0x00000000edd00000)
 ParOldGen       total 152064K, used 81557K [0x00000000a0000000, 0x00000000a9480000, 0x00000000e0000000)
  object space 152064K, 53% used [0x00000000a0000000,0x00000000a4fa56e8,0x00000000a9480000)
 Metaspace       used 130754K, capacity 137576K, committed 137816K, reserved 1169408K
  class space    used 16800K, capacity 18250K, committed 18304K, reserved 1048576K
GC Heap History (10 events):
Event: 494.653 GC heap before
{Heap before GC invocations=37 (full 4):
 PSYoungGen      total 148992K, used 138373K [0x00000000e0000000, 0x00000000eb080000, 0x0000000100000000)
  eden space 122368K, 100% used [0x00000000e0000000,0x00000000e7780000,0x00000000e7780000)
  from space 26624K, 60% used [0x00000000e9680000,0x00000000ea621558,0x00000000eb080000)
  to   space 29184K, 0% used [0x00000000e7780000,0x00000000e7780000,0x00000000e9400000)
 ParOldGen       total 152064K, used 61377K [0x00000000a0000000, 0x00000000a9480000, 0x00000000e0000000)
  object space 152064K, 40% used [0x00000000a0000000,0x00000000a3bf0758,0x00000000a9480000)
 Metaspace       used 109404K, capacity 114828K, committed 115032K, reserved 1148928K
  class space    used 14223K, capacity 15370K, committed 15488K, reserved 1048576K
Event: 494.693 GC heap after
Heap after GC invocations=37 (full 4):
 PSYoungGen      total 151552K, used 15323K [0x00000000e0000000, 0x00000000ebe80000, 0x0000000100000000)
  eden space 122368K, 0% used [0x00000000e0000000,0x00000000e0000000,0x00000000e7780000)
  from space 29184K, 52% used [0x00000000e7780000,0x00000000e8676e90,0x00000000e9400000)
  to   space 28160K, 0% used [0x00000000ea300000,0x00000000ea300000,0x00000000ebe80000)
 ParOldGen       total 152064K, used 72938K [0x00000000a0000000, 0x00000000a9480000, 0x00000000e0000000)
  object space 152064K, 47% used [0x00000000a0000000,0x00000000a473a970,0x00000000a9480000)
 Metaspace       used 109404K, capacity 114828K, committed 115032K, reserved 1148928K
  class space    used 14223K, capacity 15370K, committed 15488K, reserved 1048576K
}
Event: 502.531 GC heap before
{Heap before GC invocations=38 (full 4):
 PSYoungGen      total 151552K, used 137139K [0x00000000e0000000, 0x00000000ebe80000, 0x0000000100000000)
  eden space 122368K, 99% used [0x00000000e0000000,0x00000000e76f5e38,0x00000000e7780000)
  from space 29184K, 52% used [0x00000000e7780000,0x00000000e8676e90,0x00000000e9400000)
  to   space 28160K, 0% used [0x00000000ea300000,0x00000000ea300000,0x00000000ebe80000)
 ParOldGen       total 152064K, used 72938K [0x00000000a0000000, 0x00000000a9480000, 0x00000000e0000000)
  object space 152064K, 47% used [0x00000000a0000000,0x00000000a473a970,0x00000000a9480000)
 Metaspace       used 110756K, capacity 116128K, committed 116440K, reserved 1150976K
  class space    used 14370K, capacity 15526K, committed 15616K, reserved 1048576K
Event: 502.589 GC heap after
Heap after GC invocations=38 (full 4):
 PSYoungGen      total 163840K, used 16450K [0x00000000e0000000, 0x00000000ebc80000, 0x0000000100000000)
  eden space 137728K, 0% used [0x00000000e0000000,0x00000000e0000000,0x00000000e8680000)
  from space 26112K, 63% used [0x00000000ea300000,0x00000000eb310a88,0x00000000ebc80000)
  to   space 27648K, 0% used [0x00000000e8680000,0x00000000e8680000,0x00000000ea180000)
 ParOldGen       total 152064K, used 81005K [0x00000000a0000000, 0x00000000a9480000, 0x00000000e0000000)
  object space 152064K, 53% used [0x00000000a0000000,0x00000000a4f1b6c8,0x00000000a9480000)
 Metaspace       used 110756K, capacity 116128K, committed 116440K, reserved 1150976K
  class space    used 14370K, capacity 15526K, committed 15616K, reserved 1048576K
}
Event: 985.034 GC heap before
{Heap before GC invocations=39 (full 4):
 PSYoungGen      total 163840K, used 154178K [0x00000000e0000000, 0x00000000ebc80000, 0x0000000100000000)
  eden space 137728K, 100% used [0x00000000e0000000,0x00000000e8680000,0x00000000e8680000)
  from space 26112K, 63% used [0x00000000ea300000,0x00000000eb310a88,0x00000000ebc80000)
  to   space 27648K, 0% used [0x00000000e8680000,0x00000000e8680000,0x00000000ea180000)
 ParOldGen       total 152064K, used 81005K [0x00000000a0000000, 0x00000000a9480000, 0x00000000e0000000)
  object space 152064K, 53% used [0x00000000a0000000,0x00000000a4f1b6c8,0x00000000a9480000)
 Metaspace       used 114414K, capacity 120024K, committed 120152K, reserved 1153024K
  class space    used 14686K, capacity 15877K, committed 16000K, reserved 1048576K
Event: 985.047 GC heap after
Heap after GC invocations=39 (full 4):
 PSYoungGen      total 165376K, used 5826K [0x00000000e0000000, 0x00000000ecb00000, 0x0000000100000000)
  eden space 137728K, 0% used [0x00000000e0000000,0x00000000e0000000,0x00000000e8680000)
  from space 27648K, 21% used [0x00000000e8680000,0x00000000e8c30a50,0x00000000ea180000)
  to   space 27648K, 0% used [0x00000000eb000000,0x00000000eb000000,0x00000000ecb00000)
 ParOldGen       total 152064K, used 81541K [0x00000000a0000000, 0x00000000a9480000, 0x00000000e0000000)
  object space 152064K, 53% used [0x00000000a0000000,0x00000000a4fa16e8,0x00000000a9480000)
 Metaspace       used 114414K, capacity 120024K, committed 120152K, reserved 1153024K
  class space    used 14686K, capacity 15877K, committed 16000K, reserved 1048576K
}
Event: 994.540 GC heap before
{Heap before GC invocations=40 (full 4):
 PSYoungGen      total 165376K, used 143554K [0x00000000e0000000, 0x00000000ecb00000, 0x0000000100000000)
  eden space 137728K, 100% used [0x00000000e0000000,0x00000000e8680000,0x00000000e8680000)
  from space 27648K, 21% used [0x00000000e8680000,0x00000000e8c30a50,0x00000000ea180000)
  to   space 27648K, 0% used [0x00000000eb000000,0x00000000eb000000,0x00000000ecb00000)
 ParOldGen       total 152064K, used 81541K [0x00000000a0000000, 0x00000000a9480000, 0x00000000e0000000)
  object space 152064K, 53% used [0x00000000a0000000,0x00000000a4fa16e8,0x00000000a9480000)
 Metaspace       used 124726K, capacity 130886K, committed 131032K, reserved 1163264K
  class space    used 16081K, capacity 17382K, committed 17408K, reserved 1048576K
Event: 994.580 GC heap after
Heap after GC invocations=40 (full 4):
 PSYoungGen      total 179200K, used 20174K [0x00000000e0000000, 0x00000000ecc00000, 0x0000000100000000)
  eden space 151552K, 0% used [0x00000000e0000000,0x00000000e0000000,0x00000000e9400000)
  from space 27648K, 72% used [0x00000000eb000000,0x00000000ec3b3b08,0x00000000ecb00000)
  to   space 28672K, 0% used [0x00000000e9400000,0x00000000e9400000,0x00000000eb000000)
 ParOldGen       total 152064K, used 81549K [0x00000000a0000000, 0x00000000a9480000, 0x00000000e0000000)
  object space 152064K, 53% used [0x00000000a0000000,0x00000000a4fa36e8,0x00000000a9480000)
 Metaspace       used 124726K, capacity 130886K, committed 131032K, reserved 1163264K
  class space    used 16081K, capacity 17382K, committed 17408K, reserved 1048576K
}
Event: 1027.286 GC heap before
{Heap before GC invocations=41 (full 4):
 PSYoungGen      total 179200K, used 171726K [0x00000000e0000000, 0x00000000ecc00000, 0x0000000100000000)
  eden space 151552K, 100% used [0x00000000e0000000,0x00000000e9400000,0x00000000e9400000)
  from space 27648K, 72% used [0x00000000eb000000,0x00000000ec3b3b08,0x00000000ecb00000)
  to   space 28672K, 0% used [0x00000000e9400000,0x00000000e9400000,0x00000000eb000000)
 ParOldGen       total 152064K, used 81549K [0x00000000a0000000, 0x00000000a9480000, 0x00000000e0000000)
  object space 152064K, 53% used [0x00000000a0000000,0x00000000a4fa36e8,0x00000000a9480000)
 Metaspace       used 129232K, capacity 135966K, committed 136024K, reserved 1167360K
  class space    used 16592K, capacity 18019K, committed 18048K, reserved 1048576K
Event: 1027.364 GC heap after
Heap after GC invocations=41 (full 4):
 PSYoungGen      total 180224K, used 22672K [0x00000000e0000000, 0x00000000edd00000, 0x0000000100000000)
  eden space 151552K, 0% used [0x00000000e0000000,0x00000000e0000000,0x00000000e9400000)
  from space 28672K, 79% used [0x00000000e9400000,0x00000000eaa240a8,0x00000000eb000000)
  to   space 30720K, 0% used [0x00000000ebf00000,0x00000000ebf00000,0x00000000edd00000)
 ParOldGen       total 152064K, used 81557K [0x00000000a0000000, 0x00000000a9480000, 0x00000000e0000000)
  object space 152064K, 53% used [0x00000000a0000000,0x00000000a4fa56e8,0x00000000a9480000)
 Metaspace       used 129232K, capacity 135966K, committed 136024K, reserved 1167360K
  class space    used 16592K, capacity 18019K, committed 18048K, reserved 1048576K
}

